<?xml version="1.0" encoding="UTF-8"?>
<!-- Generated by org.testng.reporters.JUnitReportReporter -->
<testsuite hostname="BinduVenkat" failures="0" tests="1" name="com.qa.tests.LoginTest" time="0.019" errors="0" timestamp="2021-01-27T13:01:00 CST" skipped="0">
  <testcase classname="com.qa.tests.LoginTest" name="test1" time="0.019"/>
  <system-out/>
</testsuite> <!-- com.qa.tests.LoginTest -->
